<?xml version="1.0" encoding="UTF-8"?>
<!-- Generated by org.testng.reporters.JUnitReportReporter -->
<testsuite skipped="0" hostname="DESKTOP-A6855A2" name="test.PutPatchDeleteExample" tests="1" failures="0" timestamp="2021-05-17T23:46:04 IST" time="3.498" errors="0">
  <testcase name="testDelete" time="3.498" classname="test.PutPatchDeleteExample"/>
  <system-out/>
</testsuite> <!-- test.PutPatchDeleteExample -->
