<?xml version="1.0" encoding="UTF-8"?>
<!-- Generated by org.testng.reporters.JUnitReportReporter -->
<testsuite skipped="0" hostname="DESKTOP-A6855A2" name="test.TestsExample" tests="1" failures="0" timestamp="2021-05-15T02:59:24 IST" time="10.799" errors="0">
  <testcase name="test_2" time="10.799" classname="test.TestsExample"/>
  <system-out/>
</testsuite> <!-- test.TestsExample -->
