<?xml version="1.0" encoding="UTF-8"?>
<!-- Generated by org.testng.reporters.JUnitReportReporter -->
<testsuite skipped="0" hostname="DESKTOP-A6855A2" name="test.SoapXMLRequest" tests="1" failures="0" timestamp="2021-05-20T00:45:00 IST" time="4.349" errors="0">
  <testcase name="validateSoapXML" time="4.349" classname="test.SoapXMLRequest"/>
  <system-out/>
</testsuite> <!-- test.SoapXMLRequest -->
