<?xml version="1.0" encoding="UTF-8"?>
<!-- Generated by org.testng.reporters.JUnitReportReporter -->
<testsuite skipped="0" hostname="DESKTOP-A6855A2" name="test.XMLSchemaValidation" tests="1" failures="0" timestamp="2021-05-21T00:19:30 IST" time="5.028" errors="0">
  <testcase name="schemaValidation" time="5.028" classname="test.XMLSchemaValidation"/>
  <system-out/>
</testsuite> <!-- test.XMLSchemaValidation -->
