<?xml version="1.0" encoding="UTF-8"?>
<!-- Generated by org.testng.reporters.JUnitReportReporter -->
<testsuite skipped="0" hostname="DESKTOP-A6855A2" name="test.GetAndPostExamples" tests="1" failures="0" timestamp="2021-05-17T01:50:46 IST" time="3.361" errors="0">
  <testcase name="testPost" time="3.361" classname="test.GetAndPostExamples"/>
  <system-out/>
</testsuite> <!-- test.GetAndPostExamples -->
